build/app/intermediates/manifest_merge_blame_file/release/manifest-merger-blame-release-report.txt
1<?xml version="1.0" encoding="utf-8"?>
2<manifest xmlns:android="http://schemas.android.com/apk/res/android"
3    package="com.example.sutra_ecommerce"
4    android:versionCode="1"
5    android:versionName="1.0.0" >
6
7    <uses-sdk
8        android:minSdkVersion="21"
8-->src/main/AndroidManifest.xml
9        android:targetSdkVersion="33" />
9-->src/main/AndroidManifest.xml
10
11    <uses-permission android:name="android.permission.INTERNET" />
11-->src/main/AndroidManifest.xml:2:5-66
11-->src/main/AndroidManifest.xml:2:22-64
12    <uses-permission android:name="android.permission.ACCESS_NETWORK_STATE" />
12-->src/main/AndroidManifest.xml:3:5-78
12-->src/main/AndroidManifest.xml:3:22-76
13
14    <permission
14-->[androidx.core:core:1.10.1] AndroidManifest.xml:22:5-24:47
15        android:name="com.example.sutra_ecommerce.DYNAMIC_RECEIVER_NOT_EXPORTED_PERMISSION"
15-->[androidx.core:core:1.10.1] AndroidManifest.xml:23:9-81
16        android:protectionLevel="signature" />
16-->[androidx.core:core:1.10.1] AndroidManifest.xml:24:9-44
17
18    <uses-permission android:name="com.example.sutra_ecommerce.DYNAMIC_RECEIVER_NOT_EXPORTED_PERMISSION" />
18-->[androidx.core:core:1.10.1] AndroidManifest.xml:26:5-97
18-->[androidx.core:core:1.10.1] AndroidManifest.xml:26:22-94
19
20    <application
21        android:name="android.app.Application"
21-->src/main/AndroidManifest.xml:7:9-42
22        android:appComponentFactory="androidx.core.app.CoreComponentFactory"
22-->[androidx.core:core:1.10.1] AndroidManifest.xml:28:18-86
23        android:icon="@mipmap/ic_launcher"
23-->src/main/AndroidManifest.xml:8:9-43
24        android:label="Dilicia Suvidha" >
24-->src/main/AndroidManifest.xml:6:9-40
25        <activity
25-->src/main/AndroidManifest.xml:9:9-29:20
26            android:name="com.example.sutra_ecommerce.MainActivity"
26-->src/main/AndroidManifest.xml:10:13-41
27            android:configChanges="orientation|keyboardHidden|keyboard|screenSize|smallestScreenSize|locale|layoutDirection|fontScale|screenLayout|density|uiMode"
27-->src/main/AndroidManifest.xml:14:13-163
28            android:exported="true"
28-->src/main/AndroidManifest.xml:11:13-36
29            android:hardwareAccelerated="true"
29-->src/main/AndroidManifest.xml:15:13-47
30            android:launchMode="singleTop"
30-->src/main/AndroidManifest.xml:12:13-43
31            android:theme="@style/LaunchTheme"
31-->src/main/AndroidManifest.xml:13:13-47
32            android:windowSoftInputMode="adjustResize" >
32-->src/main/AndroidManifest.xml:16:13-55
33
34            <!--
35                 Specifies an Android theme to apply to this Activity as soon as
36                 the Android process has started. This theme is visible to the user
37                 while the Flutter UI initializes. After that, this theme continues
38                 to determine the Window background behind the Flutter UI.
39            -->
40            <meta-data
40-->src/main/AndroidManifest.xml:21:13-24:17
41                android:name="io.flutter.embedding.android.NormalTheme"
41-->src/main/AndroidManifest.xml:22:15-70
42                android:resource="@style/NormalTheme" />
42-->src/main/AndroidManifest.xml:23:15-52
43
44            <intent-filter>
44-->src/main/AndroidManifest.xml:25:13-28:29
45                <action android:name="android.intent.action.MAIN" />
45-->src/main/AndroidManifest.xml:26:17-68
45-->src/main/AndroidManifest.xml:26:25-66
46
47                <category android:name="android.intent.category.LAUNCHER" />
47-->src/main/AndroidManifest.xml:27:17-76
47-->src/main/AndroidManifest.xml:27:27-74
48            </intent-filter>
49        </activity>
50        <!--
51             Don't delete the meta-data below.
52             This is used by the Flutter tool to generate GeneratedPluginRegistrant.java
53        -->
54        <meta-data
54-->src/main/AndroidManifest.xml:32:9-34:33
55            android:name="flutterEmbedding"
55-->src/main/AndroidManifest.xml:33:13-44
56            android:value="2" />
56-->src/main/AndroidManifest.xml:34:13-30
57
58        <service
58-->[:geolocator_android] AndroidManifest.xml:10:9-14:56
59            android:name="com.baseflow.geolocator.GeolocatorLocationService"
59-->[:geolocator_android] AndroidManifest.xml:11:13-77
60            android:enabled="true"
60-->[:geolocator_android] AndroidManifest.xml:12:13-35
61            android:exported="false"
61-->[:geolocator_android] AndroidManifest.xml:13:13-37
62            android:foregroundServiceType="location" />
62-->[:geolocator_android] AndroidManifest.xml:14:13-53
63
64        <provider
64-->[:share_plus] AndroidManifest.xml:10:9-18:20
65            android:name="dev.fluttercommunity.plus.share.ShareFileProvider"
65-->[:share_plus] AndroidManifest.xml:11:13-77
66            android:authorities="com.example.sutra_ecommerce.flutter.share_provider"
66-->[:share_plus] AndroidManifest.xml:12:13-74
67            android:exported="false"
67-->[:share_plus] AndroidManifest.xml:13:13-37
68            android:grantUriPermissions="true" >
68-->[:share_plus] AndroidManifest.xml:14:13-47
69            <meta-data
69-->[:share_plus] AndroidManifest.xml:15:13-17:68
70                android:name="android.support.FILE_PROVIDER_PATHS"
70-->[:share_plus] AndroidManifest.xml:16:17-67
71                android:resource="@xml/flutter_share_file_paths" />
71-->[:share_plus] AndroidManifest.xml:17:17-65
72        </provider>
73
74        <activity
74-->[:url_launcher_android] AndroidManifest.xml:10:9-13:74
75            android:name="io.flutter.plugins.urllauncher.WebViewActivity"
75-->[:url_launcher_android] AndroidManifest.xml:11:13-74
76            android:exported="false"
76-->[:url_launcher_android] AndroidManifest.xml:12:13-37
77            android:theme="@android:style/Theme.NoTitleBar.Fullscreen" />
77-->[:url_launcher_android] AndroidManifest.xml:13:13-71
78
79        <uses-library
79-->[androidx.window:window:1.0.0-beta04] AndroidManifest.xml:25:9-27:40
80            android:name="androidx.window.extensions"
80-->[androidx.window:window:1.0.0-beta04] AndroidManifest.xml:26:13-54
81            android:required="false" />
81-->[androidx.window:window:1.0.0-beta04] AndroidManifest.xml:27:13-37
82        <uses-library
82-->[androidx.window:window:1.0.0-beta04] AndroidManifest.xml:28:9-30:40
83            android:name="androidx.window.sidecar"
83-->[androidx.window:window:1.0.0-beta04] AndroidManifest.xml:29:13-51
84            android:required="false" />
84-->[androidx.window:window:1.0.0-beta04] AndroidManifest.xml:30:13-37
85
86        <activity
86-->[com.google.android.gms:play-services-base:18.1.0] AndroidManifest.xml:20:9-22:45
87            android:name="com.google.android.gms.common.api.GoogleApiActivity"
87-->[com.google.android.gms:play-services-base:18.1.0] AndroidManifest.xml:20:19-85
88            android:exported="false"
88-->[com.google.android.gms:play-services-base:18.1.0] AndroidManifest.xml:22:19-43
89            android:theme="@android:style/Theme.Translucent.NoTitleBar" />
89-->[com.google.android.gms:play-services-base:18.1.0] AndroidManifest.xml:21:19-78
90
91        <meta-data
91-->[com.google.android.gms:play-services-basement:18.1.0] AndroidManifest.xml:21:9-23:69
92            android:name="com.google.android.gms.version"
92-->[com.google.android.gms:play-services-basement:18.1.0] AndroidManifest.xml:22:13-58
93            android:value="@integer/google_play_services_version" />
93-->[com.google.android.gms:play-services-basement:18.1.0] AndroidManifest.xml:23:13-66
94    </application>
95
96</manifest>